[ 2016-03-30T10:57:04+08:00 ] ::1 /static/style/css/about.css
ERR: 无法加载控制器:Static

[ 2016-03-30T10:57:04+08:00 ] ::1 /static/style/css/public.css
ERR: 无法加载控制器:Static

[ 2016-03-30T11:01:37+08:00 ] ::1 /Public/style/css/public.css
ERR: 无法加载控制器:Public

[ 2016-03-30T11:03:40+08:00 ] ::1 /Public/style/css/public.css
ERR: 无法加载控制器:Public

[ 2016-03-30T11:05:25+08:00 ] ::1 /Public/style/css/public.css
ERR: 无法加载控制器:Public

[ 2016-03-30T11:05:26+08:00 ] ::1 /Public/style/css/public.css
ERR: 无法加载控制器:Public

[ 2016-03-30T11:05:35+08:00 ] ::1 /Public/style/css/public.css
ERR: 无法加载控制器:Public

[ 2016-03-30T11:05:36+08:00 ] ::1 /Public/style/css/public.css
ERR: 无法加载控制器:Public

[ 2016-03-30T11:06:16+08:00 ] ::1 /Public/style/css/public.css
ERR: 无法加载控制器:Public

[ 2016-03-30T11:06:24+08:00 ] ::1 /Public/style/css/public.css
ERR: 无法加载控制器:Public

[ 2016-03-30T11:06:29+08:00 ] ::1 /Public/style/css/public.css
ERR: 无法加载控制器:Public

