[ 2016-03-28T23:08:40+08:00 ] ::1 /lib/font-awesome/css/font-awesome.min.css
ERR: 无法加载模块:Lib

[ 2016-03-28T23:08:40+08:00 ] ::1 /static/image/carousel1.jpg
ERR: 无法加载模块:Static

[ 2016-03-28T23:08:40+08:00 ] ::1 /static/style/css/index.css
ERR: 无法加载模块:Static

[ 2016-03-28T23:08:40+08:00 ] ::1 /static/image/avator.jpg
ERR: 无法加载模块:Static

[ 2016-03-28T23:08:40+08:00 ] ::1 /static/image/dreamser.jpg
ERR: 无法加载模块:Static

[ 2016-03-28T23:08:40+08:00 ] ::1 /scripts/require.js
ERR: 无法加载模块:Scripts

[ 2016-03-28T23:12:47+08:00 ] ::1 /static/image/carousel1.jpg
ERR: 无法加载模块:Static

[ 2016-03-28T23:12:47+08:00 ] ::1 /scripts/require.js
ERR: 无法加载模块:Scripts

[ 2016-03-28T23:12:47+08:00 ] ::1 /lib/font-awesome/css/font-awesome.min.css
ERR: 无法加载模块:Lib

[ 2016-03-28T23:12:47+08:00 ] ::1 /static/image/avator.jpg
ERR: 无法加载模块:Static

[ 2016-03-28T23:12:47+08:00 ] ::1 /static/image/dreamser.jpg
ERR: 无法加载模块:Static

[ 2016-03-28T23:13:50+08:00 ] ::1 /static/image/carousel1.jpg
ERR: 无法加载模块:Static

[ 2016-03-28T23:13:50+08:00 ] ::1 /Publiclib/font-awesome/css/font-awesome.min.css
ERR: 无法加载模块:Publiclib

[ 2016-03-28T23:13:50+08:00 ] ::1 /static/image/avator.jpg
ERR: 无法加载模块:Static

[ 2016-03-28T23:13:50+08:00 ] ::1 /static/image/dreamser.jpg
ERR: 无法加载模块:Static

[ 2016-03-28T23:13:50+08:00 ] ::1 /scripts/lib/jquery-1.12.0/jquery.min.js
ERR: 无法加载模块:Scripts

[ 2016-03-28T23:14:05+08:00 ] ::1 /static/image/carousel1.jpg
ERR: 无法加载模块:Static

[ 2016-03-28T23:14:05+08:00 ] ::1 /static/image/dreamser.jpg
ERR: 无法加载模块:Static

[ 2016-03-28T23:14:05+08:00 ] ::1 /static/image/avator.jpg
ERR: 无法加载模块:Static

[ 2016-03-28T23:14:06+08:00 ] ::1 /scripts/lib/jquery-1.12.0/jquery.min.js
ERR: 无法加载模块:Scripts

[ 2016-03-28T23:14:28+08:00 ] ::1 /static/image/carousel1.jpg
ERR: 无法加载模块:Static

[ 2016-03-28T23:14:28+08:00 ] ::1 /scripts/lib/jquery-1.12.0/jquery.min.js
ERR: 无法加载模块:Scripts

[ 2016-03-28T23:14:37+08:00 ] ::1 /scripts/lib/jquery-1.12.0/jquery.min.js
ERR: 无法加载模块:Scripts

